Base path: /Applications/Unity/Unity.app/Contents
Pipe name: \\.\pipe\UnityShaderCompiler-64bit-1-2106303232
Cmd: getPlatforms
Cmd: preprocess
  insize=8740 outsize=4850 ok=1
Cmd: compileSnippet
  api=0 type=0 insize=1025 outsize=10791 kw=DIRECTIONAL SHADOWS_OFF LIGHTMAP_OFF DIRLIGHTMAP_OFF DYNAMICLIGHTMAP_OFF pd= ok=1
Cmd: compileSnippet
  api=0 type=1 insize=1025 outsize=6 kw=DIRECTIONAL SHADOWS_OFF LIGHTMAP_OFF DIRLIGHTMAP_OFF DYNAMICLIGHTMAP_OFF pd= ok=1
Cmd: compileSnippet
  api=0 type=0 insize=938 outsize=6131 kw=POINT SHADOWS_OFF pd= ok=1
Cmd: compileSnippet
  api=0 type=1 insize=938 outsize=6 kw=POINT SHADOWS_OFF pd= ok=1
Cmd: compileSnippet
  api=0 type=0 insize=751 outsize=1893 kw=SHADOWS_DEPTH pd= ok=1
Cmd: compileSnippet
  api=0 type=1 insize=751 outsize=6 kw=SHADOWS_DEPTH pd= ok=1
Cmd: compileSnippet
  api=0 type=0 insize=1195 outsize=9366 kw=LIGHTMAP_OFF DIRLIGHTMAP_OFF DYNAMICLIGHTMAP_OFF pd= ok=1
Cmd: compileSnippet
  api=0 type=1 insize=1195 outsize=6 kw=LIGHTMAP_OFF DIRLIGHTMAP_OFF DYNAMICLIGHTMAP_OFF pd= ok=1
Cmd: compileSnippet
  api=0 type=0 insize=530 outsize=3063 kw= pd= ok=1
Cmd: compileSnippet
  api=0 type=1 insize=530 outsize=6 kw= pd= ok=1
Cmd: compileSnippet
  api=0 type=0 insize=929 outsize=5850 kw=DIRECTIONAL SHADOWS_OFF LIGHTMAP_OFF DIRLIGHTMAP_OFF DYNAMICLIGHTMAP_OFF pd= ok=1
Cmd: compileSnippet
  api=0 type=1 insize=929 outsize=6 kw=DIRECTIONAL SHADOWS_OFF LIGHTMAP_OFF DIRLIGHTMAP_OFF DYNAMICLIGHTMAP_OFF pd= ok=1
Cmd: compileSnippet
  api=0 type=0 insize=816 outsize=4885 kw=POINT SHADOWS_OFF pd= ok=1
Cmd: compileSnippet
  api=0 type=1 insize=816 outsize=6 kw=POINT SHADOWS_OFF pd= ok=1
Cmd: compileSnippet
  api=0 type=0 insize=600 outsize=1893 kw=SHADOWS_DEPTH pd= ok=1
Cmd: compileSnippet
  api=0 type=1 insize=600 outsize=6 kw=SHADOWS_DEPTH pd= ok=1
Cmd: compileSnippet
  api=0 type=0 insize=530 outsize=3063 kw= pd= ok=1
Cmd: compileSnippet
  api=0 type=1 insize=530 outsize=6 kw= pd= ok=1
Cmd: preprocess
  insize=514 outsize=1508 ok=1
Cmd: compileSnippet
  api=0 type=0 insize=7097 outsize=2351 kw=DIRECTIONAL SHADOWS_OFF LIGHTMAP_OFF DIRLIGHTMAP_OFF DYNAMICLIGHTMAP_OFF pd= ok=1
Cmd: compileSnippet
  api=0 type=1 insize=7097 outsize=6 kw=DIRECTIONAL SHADOWS_OFF LIGHTMAP_OFF DIRLIGHTMAP_OFF DYNAMICLIGHTMAP_OFF pd= ok=1
Cmd: compileSnippet
  api=0 type=0 insize=3843 outsize=1831 kw=POINT pd= ok=1
Cmd: compileSnippet
  api=0 type=1 insize=3843 outsize=6 kw=POINT pd= ok=1
Cmd: compileSnippet
  api=0 type=0 insize=2976 outsize=978 kw= pd= ok=1
Cmd: compileSnippet
  api=0 type=1 insize=2976 outsize=6 kw= pd= ok=1
Cmd: compileSnippet
  api=0 type=0 insize=6110 outsize=2699 kw=LIGHTMAP_OFF DIRLIGHTMAP_OFF DYNAMICLIGHTMAP_OFF HDR_LIGHT_PREPASS_OFF pd= ok=1
Cmd: compileSnippet
  api=0 type=1 insize=6110 outsize=6 kw=LIGHTMAP_OFF DIRLIGHTMAP_OFF DYNAMICLIGHTMAP_OFF HDR_LIGHT_PREPASS_OFF pd= ok=1
Cmd: compileSnippet
  api=0 type=0 insize=6174 outsize=2703 kw=LIGHTMAP_OFF DIRLIGHTMAP_OFF DYNAMICLIGHTMAP_OFF HDR_LIGHT_PREPASS_OFF pd= ok=1
Cmd: compileSnippet
  api=0 type=1 insize=6174 outsize=6 kw=LIGHTMAP_OFF DIRLIGHTMAP_OFF DYNAMICLIGHTMAP_OFF HDR_LIGHT_PREPASS_OFF pd= ok=1
Cmd: compileSnippet
  api=0 type=0 insize=3241 outsize=2395 kw= pd= ok=1
Cmd: compileSnippet
  api=0 type=1 insize=3241 outsize=6 kw= pd= ok=1
Cmd: preprocess
  insize=1070 outsize=1629 ok=1
Cmd: compileSnippet
  api=0 type=0 insize=8165 outsize=3167 kw=DIRECTIONAL SHADOWS_OFF LIGHTMAP_OFF DIRLIGHTMAP_OFF DYNAMICLIGHTMAP_OFF pd= ok=1
Cmd: compileSnippet
  api=0 type=1 insize=8165 outsize=6 kw=DIRECTIONAL SHADOWS_OFF LIGHTMAP_OFF DIRLIGHTMAP_OFF DYNAMICLIGHTMAP_OFF pd= ok=1
Cmd: compileSnippet
  api=0 type=0 insize=4847 outsize=2642 kw=POINT pd= ok=1
Cmd: compileSnippet
  api=0 type=1 insize=4847 outsize=6 kw=POINT pd= ok=1
Cmd: compileSnippet
  api=0 type=0 insize=3508 outsize=978 kw= pd= ok=1
Cmd: compileSnippet
  api=0 type=1 insize=3508 outsize=6 kw= pd= ok=1
Cmd: compileSnippet
  api=0 type=0 insize=7115 outsize=3525 kw=LIGHTMAP_OFF DIRLIGHTMAP_OFF DYNAMICLIGHTMAP_OFF HDR_LIGHT_PREPASS_OFF pd= ok=1
Cmd: compileSnippet
  api=0 type=1 insize=7115 outsize=6 kw=LIGHTMAP_OFF DIRLIGHTMAP_OFF DYNAMICLIGHTMAP_OFF HDR_LIGHT_PREPASS_OFF pd= ok=1
Cmd: compileSnippet
  api=0 type=0 insize=7178 outsize=3524 kw=LIGHTMAP_OFF DIRLIGHTMAP_OFF DYNAMICLIGHTMAP_OFF HDR_LIGHT_PREPASS_OFF pd= ok=1
Cmd: compileSnippet
  api=0 type=1 insize=7178 outsize=6 kw=LIGHTMAP_OFF DIRLIGHTMAP_OFF DYNAMICLIGHTMAP_OFF HDR_LIGHT_PREPASS_OFF pd= ok=1
Cmd: compileSnippet
  api=0 type=0 insize=4245 outsize=3206 kw= pd= ok=1
Cmd: compileSnippet
  api=0 type=1 insize=4245 outsize=6 kw= pd= ok=1
Cmd: preprocess
  insize=767 outsize=346 ok=1
Cmd: compileSnippet
  api=0 type=0 insize=720 outsize=265 kw= pd= ok=1
Cmd: compileSnippet
  api=0 type=1 insize=720 outsize=6 kw= pd= ok=1
Cmd: preprocess
  insize=563 outsize=264 ok=1
Cmd: compileSnippet
  api=0 type=0 insize=601 outsize=189 kw= pd= ok=1
Cmd: compileSnippet
  api=0 type=1 insize=601 outsize=6 kw= pd= ok=1
Cmd: preprocess
  insize=715 outsize=387 ok=1
Cmd: compileSnippet
  api=0 type=0 insize=627 outsize=211 kw= pd= ok=1
Cmd: compileSnippet
  api=0 type=1 insize=627 outsize=6 kw= pd= ok=1
Cmd: preprocess
  insize=927 outsize=398 ok=1
Cmd: compileSnippet
  api=0 type=0 insize=828 outsize=429 kw= pd= ok=1
Cmd: compileSnippet
  api=0 type=1 insize=828 outsize=6 kw= pd= ok=1
Cmd: preprocess
  insize=879 outsize=389 ok=1
Cmd: compileSnippet
  api=0 type=0 insize=791 outsize=329 kw= pd= ok=1
Cmd: compileSnippet
  api=0 type=1 insize=791 outsize=6 kw= pd= ok=1
Cmd: preprocess
  insize=8833 outsize=4906 ok=1
Cmd: compileSnippet
  api=0 type=0 insize=1047 outsize=10649 kw=DIRECTIONAL SHADOWS_OFF LIGHTMAP_OFF DIRLIGHTMAP_OFF DYNAMICLIGHTMAP_OFF pd= ok=1
Cmd: compileSnippet
  api=0 type=1 insize=1047 outsize=6 kw=DIRECTIONAL SHADOWS_OFF LIGHTMAP_OFF DIRLIGHTMAP_OFF DYNAMICLIGHTMAP_OFF pd= ok=1
Cmd: compileSnippet
  api=0 type=0 insize=936 outsize=5935 kw=POINT SHADOWS_OFF pd= ok=1
Cmd: compileSnippet
  api=0 type=1 insize=936 outsize=6 kw=POINT SHADOWS_OFF pd= ok=1
Cmd: compileSnippet
  api=0 type=0 insize=751 outsize=1893 kw=SHADOWS_DEPTH pd= ok=1
Cmd: compileSnippet
  api=0 type=1 insize=751 outsize=6 kw=SHADOWS_DEPTH pd= ok=1
Cmd: compileSnippet
  api=0 type=0 insize=1221 outsize=9219 kw=LIGHTMAP_OFF DIRLIGHTMAP_OFF DYNAMICLIGHTMAP_OFF pd= ok=1
Cmd: compileSnippet
  api=0 type=1 insize=1221 outsize=6 kw=LIGHTMAP_OFF DIRLIGHTMAP_OFF DYNAMICLIGHTMAP_OFF pd= ok=1
Cmd: compileSnippet
  api=0 type=0 insize=526 outsize=2846 kw= pd= ok=1
Cmd: compileSnippet
  api=0 type=1 insize=526 outsize=6 kw= pd= ok=1
Cmd: compileSnippet
  api=0 type=0 insize=934 outsize=5670 kw=DIRECTIONAL SHADOWS_OFF LIGHTMAP_OFF DIRLIGHTMAP_OFF DYNAMICLIGHTMAP_OFF pd= ok=1
Cmd: compileSnippet
  api=0 type=1 insize=934 outsize=6 kw=DIRECTIONAL SHADOWS_OFF LIGHTMAP_OFF DIRLIGHTMAP_OFF DYNAMICLIGHTMAP_OFF pd= ok=1
Cmd: compileSnippet
  api=0 type=0 insize=812 outsize=4684 kw=POINT SHADOWS_OFF pd= ok=1
Cmd: compileSnippet
  api=0 type=1 insize=812 outsize=6 kw=POINT SHADOWS_OFF pd= ok=1
Cmd: compileSnippet
  api=0 type=0 insize=600 outsize=1893 kw=SHADOWS_DEPTH pd= ok=1
Cmd: compileSnippet
  api=0 type=1 insize=600 outsize=6 kw=SHADOWS_DEPTH pd= ok=1
Cmd: compileSnippet
  api=0 type=0 insize=526 outsize=2846 kw= pd= ok=1
Cmd: compileSnippet
  api=0 type=1 insize=526 outsize=6 kw= pd= ok=1
Cmd: preprocess
  insize=1595 outsize=452 ok=1
Cmd: compileSnippet
  api=0 type=0 insize=1442 outsize=1064 kw= pd= ok=1
Cmd: compileSnippet
  api=0 type=1 insize=1442 outsize=6 kw= pd= ok=1
Cmd: compileSnippet
  api=0 type=0 insize=751 outsize=1893 kw=SHADOWS_DEPTH pd= ok=1
Cmd: compileSnippet
  api=0 type=1 insize=751 outsize=6 kw=SHADOWS_DEPTH pd= ok=1
Cmd: compileSnippet
  api=0 type=0 insize=982 outsize=10119 kw=DIRECTIONAL SHADOWS_OFF LIGHTMAP_OFF DIRLIGHTMAP_OFF DYNAMICLIGHTMAP_OFF pd= ok=1
Cmd: compileSnippet
  api=0 type=1 insize=982 outsize=6 kw=DIRECTIONAL SHADOWS_OFF LIGHTMAP_OFF DIRLIGHTMAP_OFF DYNAMICLIGHTMAP_OFF pd= ok=1
Cmd: compileSnippet
  api=0 type=0 insize=938 outsize=5777 kw=DIRECTIONAL SHADOWS_OFF pd= ok=1
Cmd: compileSnippet
  api=0 type=1 insize=938 outsize=6 kw=DIRECTIONAL SHADOWS_OFF pd= ok=1
Cmd: compileSnippet
  api=0 type=0 insize=1642 outsize=541 kw=SOFTPARTICLES_OFF pd= ok=1
Cmd: compileSnippet
  api=0 type=1 insize=1642 outsize=6 kw=SOFTPARTICLES_OFF pd= ok=1
Cmd: compileSnippet
  api=0 type=0 insize=938 outsize=5777 kw=DIRECTIONAL SHADOWS_OFF pd= ok=1
Cmd: compileSnippet
  api=0 type=1 insize=938 outsize=6 kw=DIRECTIONAL SHADOWS_OFF pd= ok=1
Cmd: compileSnippet
  api=0 type=0 insize=541 outsize=1893 kw=SHADOWS_DEPTH pd= ok=1
Cmd: compileSnippet
  api=0 type=1 insize=541 outsize=6 kw=SHADOWS_DEPTH pd= ok=1
Cmd: compileSnippet
  api=0 type=0 insize=6924 outsize=2300 kw=DIRECTIONAL SHADOWS_OFF LIGHTMAP_OFF DIRLIGHTMAP_OFF DYNAMICLIGHTMAP_OFF pd= ok=1
Cmd: compileSnippet
  api=0 type=1 insize=6924 outsize=6 kw=DIRECTIONAL SHADOWS_OFF LIGHTMAP_OFF DIRLIGHTMAP_OFF DYNAMICLIGHTMAP_OFF pd= ok=1
Cmd: compileSnippet
  api=0 type=0 insize=3695 outsize=1489 kw=DIRECTIONAL pd= ok=1
Cmd: compileSnippet
  api=0 type=1 insize=3695 outsize=6 kw=DIRECTIONAL pd= ok=1
Cmd: compileSnippet
  api=0 type=0 insize=3843 outsize=1500 kw=DIRECTIONAL pd= ok=1
Cmd: compileSnippet
  api=0 type=1 insize=3843 outsize=6 kw=DIRECTIONAL pd= ok=1
Cmd: compileSnippet
  api=0 type=0 insize=1333 outsize=1134 kw= pd= ok=1
Cmd: compileSnippet
  api=0 type=1 insize=1333 outsize=6 kw= pd= ok=1
Cmd: compileSnippet
  api=0 type=0 insize=1329 outsize=1129 kw= pd= ok=1
Cmd: compileSnippet
  api=0 type=1 insize=1329 outsize=6 kw= pd= ok=1
Cmd: compileSnippet
  api=0 type=0 insize=1329 outsize=1129 kw= pd= ok=1
Cmd: compileSnippet
  api=0 type=1 insize=1329 outsize=6 kw= pd= ok=1
Cmd: compileSnippet
  api=0 type=0 insize=1333 outsize=1134 kw= pd= ok=1
Cmd: compileSnippet
  api=0 type=1 insize=1333 outsize=6 kw= pd= ok=1
Cmd: compileSnippet
  api=0 type=0 insize=1321 outsize=1119 kw= pd= ok=1
Cmd: compileSnippet
  api=0 type=1 insize=1321 outsize=6 kw= pd= ok=1
Cmd: compileSnippet
  api=0 type=0 insize=1331 outsize=1129 kw= pd= ok=1
Cmd: compileSnippet
  api=0 type=1 insize=1331 outsize=6 kw= pd= ok=1
Cmd: compileSnippet
  api=0 type=0 insize=13030 outsize=6315 kw=UNITY_COLORSPACE_GAMMA _SUNDISK_SIMPLE pd= ok=1
Cmd: compileSnippet
  api=0 type=1 insize=13030 outsize=6 kw=UNITY_COLORSPACE_GAMMA _SUNDISK_SIMPLE pd= ok=1
Cmd: compileSnippet
  api=0 type=0 insize=982 outsize=10586 kw=DIRECTIONAL SHADOWS_SCREEN LIGHTMAP_OFF DIRLIGHTMAP_OFF DYNAMICLIGHTMAP_OFF pd= ok=1
Cmd: compileSnippet
  api=0 type=1 insize=982 outsize=6 kw=DIRECTIONAL SHADOWS_SCREEN LIGHTMAP_OFF DIRLIGHTMAP_OFF DYNAMICLIGHTMAP_OFF pd= ok=1
Cmd: compileSnippet
  api=0 type=0 insize=1025 outsize=11258 kw=DIRECTIONAL SHADOWS_SCREEN LIGHTMAP_OFF DIRLIGHTMAP_OFF DYNAMICLIGHTMAP_OFF pd= ok=1
Cmd: compileSnippet
  api=0 type=1 insize=1025 outsize=6 kw=DIRECTIONAL SHADOWS_SCREEN LIGHTMAP_OFF DIRLIGHTMAP_OFF DYNAMICLIGHTMAP_OFF pd= ok=1
Cmd: compileSnippet
  api=0 type=0 insize=1025 outsize=12180 kw=DIRECTIONAL SHADOWS_SCREEN LIGHTMAP_OFF DIRLIGHTMAP_COMBINED DYNAMICLIGHTMAP_ON pd= ok=1
Cmd: compileSnippet
  api=0 type=1 insize=1025 outsize=6 kw=DIRECTIONAL SHADOWS_SCREEN LIGHTMAP_OFF DIRLIGHTMAP_COMBINED DYNAMICLIGHTMAP_ON pd= ok=1
Cmd: compileSnippet
  api=0 type=0 insize=982 outsize=11053 kw=DIRECTIONAL SHADOWS_OFF LIGHTMAP_OFF DIRLIGHTMAP_COMBINED DYNAMICLIGHTMAP_ON pd= ok=1
Cmd: compileSnippet
  api=0 type=1 insize=982 outsize=6 kw=DIRECTIONAL SHADOWS_OFF LIGHTMAP_OFF DIRLIGHTMAP_COMBINED DYNAMICLIGHTMAP_ON pd= ok=1
Cmd: compileSnippet
  api=0 type=0 insize=1025 outsize=11713 kw=DIRECTIONAL SHADOWS_OFF LIGHTMAP_OFF DIRLIGHTMAP_COMBINED DYNAMICLIGHTMAP_ON pd= ok=1
Cmd: compileSnippet
  api=0 type=1 insize=1025 outsize=6 kw=DIRECTIONAL SHADOWS_OFF LIGHTMAP_OFF DIRLIGHTMAP_COMBINED DYNAMICLIGHTMAP_ON pd= ok=1
Cmd: compileSnippet
  api=0 type=0 insize=6924 outsize=2771 kw=DIRECTIONAL SHADOWS_SCREEN LIGHTMAP_OFF DIRLIGHTMAP_OFF DYNAMICLIGHTMAP_OFF pd= ok=1
Cmd: compileSnippet
  api=0 type=1 insize=6924 outsize=6 kw=DIRECTIONAL SHADOWS_SCREEN LIGHTMAP_OFF DIRLIGHTMAP_OFF DYNAMICLIGHTMAP_OFF pd= ok=1
Cmd: compileSnippet
  api=0 type=0 insize=6924 outsize=2223 kw=DIRECTIONAL SHADOWS_OFF LIGHTMAP_OFF DIRLIGHTMAP_COMBINED DYNAMICLIGHTMAP_ON pd= ok=1
Cmd: compileSnippet
  api=0 type=1 insize=6924 outsize=6 kw=DIRECTIONAL SHADOWS_OFF LIGHTMAP_OFF DIRLIGHTMAP_COMBINED DYNAMICLIGHTMAP_ON pd= ok=1
Cmd: compileSnippet
  api=0 type=0 insize=530 outsize=3063 kw= pd= ok=1
Cmd: compileSnippet
  api=0 type=1 insize=530 outsize=6 kw= pd= ok=1
Cmd: compileSnippet
  api=0 type=0 insize=982 outsize=11520 kw=DIRECTIONAL SHADOWS_SCREEN LIGHTMAP_OFF DIRLIGHTMAP_COMBINED DYNAMICLIGHTMAP_ON pd= ok=1
Cmd: compileSnippet
  api=0 type=1 insize=982 outsize=6 kw=DIRECTIONAL SHADOWS_SCREEN LIGHTMAP_OFF DIRLIGHTMAP_COMBINED DYNAMICLIGHTMAP_ON pd= ok=1
